<?xml version="1.0" encoding="UTF-8"?>
<!-- Generated by org.testng.reporters.JUnitXMLReporter -->
<testsuite ignored="0" hostname="DESKTOP-UOA1P9F" failures="0" tests="4" name="Test" time="5.591" errors="0" timestamp="2025-01-16T10:59:52 IST">
  <testcase classname="org.tcs.testing.siginup.MainClass" name="Tc1" time="0.655"/>
  <testcase classname="org.tcs.testing.siginup.MainClass" name="Tc2" time="0.718"/>
  <testcase classname="org.tcs.testing.siginup.MainClass" name="Tc3" time="0.403"/>
  <testcase classname="org.tcs.testing.siginup.MainClass" name="Tc4" time="0.622"/>
</testsuite> <!-- Test -->
