<?xml version="1.0" encoding="UTF-8"?>
<!-- Generated by org.testng.reporters.JUnitXMLReporter -->
<testsuite ignored="0" hostname="DESKTOP-UOA1P9F" failures="0" tests="7" name="Test" time="16.155" errors="0" timestamp="2025-01-17T16:34:23 IST">
  <testcase classname="org.tcs.testing.siginup.MainClass" name="Tc1" time="0.606"/>
  <testcase classname="org.tcs.testing.siginup.MainClass" name="Tc2" time="0.871"/>
  <testcase classname="org.tcs.testing.siginup.MainClass" name="Tc3" time="0.228"/>
  <testcase classname="org.tcs.testing.siginup.MainClass" name="Tc4" time="0.607"/>
  <testcase classname="org.tce.login.test.TestLogin" name="Tc1" time="0.325"/>
  <testcase classname="org.tce.login.test.TestLogin" name="Tc2" time="0.6"/>
  <testcase classname="org.tce.login.test.TestLogin" name="Tc3" time="0.068"/>
</testsuite> <!-- Test -->
