<?xml version="1.0" encoding="UTF-8"?>
<!-- Generated by org.testng.reporters.JUnitXMLReporter -->
<testsuite ignored="0" hostname="DESKTOP-UOA1P9F" failures="0" tests="3" name="Default test" time="16.793" errors="0" timestamp="2025-01-17T16:44:10 IST">
  <testcase classname="org.tce.login.test.TestLogin" name="Tc1" time="0.338"/>
  <testcase classname="org.tce.login.test.TestLogin" name="Tc2" time="0.596"/>
  <testcase classname="org.tce.login.test.TestLogin" name="Tc3" time="0.073"/>
</testsuite> <!-- Default test -->
