<?xml version="1.0" encoding="UTF-8"?>
<testng-results skipped="0" failed="0" ignored="0" total="4" passed="4">
  <reporter-output>
  </reporter-output>
  <suite name="Suite" duration-ms="10728" started-at="2024-05-23T13:18:50Z" finished-at="2024-05-23T13:19:01Z">
    <groups>
    </groups>
    <test name="Test" duration-ms="10728" started-at="2024-05-23T13:18:50Z" finished-at="2024-05-23T13:19:01Z">
      <class name="org.tcs.testing.siginup.MainClass">
        <test-method status="PASS" signature="Launch()[pri:0, instance:org.tcs.testing.siginup.MainClass@4bec1f0c]" name="Launch" is-config="true" duration-ms="5070" started-at="2024-05-23T18:48:50Z" finished-at="2024-05-23T18:48:55Z">
          <reporter-output>
          </reporter-output>
        </test-method> <!-- Launch -->
        <test-method status="PASS" signature="Tc1(java.lang.String, java.lang.String)[pri:0, instance:org.tcs.testing.siginup.MainClass@4bec1f0c]" name="Tc1" duration-ms="1298" started-at="2024-05-23T18:48:55Z" finished-at="2024-05-23T18:48:56Z">
          <params>
            <param index="0">
              <value>
                <![CDATA[Arunkumar45]]>
              </value>
            </param>
            <param index="1">
              <value>
                <![CDATA[J5013D]]>
              </value>
            </param>
          </params>
          <reporter-output>
          </reporter-output>
        </test-method> <!-- Tc1 -->
        <test-method status="PASS" signature="Tc2()[pri:0, instance:org.tcs.testing.siginup.MainClass@4bec1f0c]" name="Tc2" duration-ms="2473" started-at="2024-05-23T18:48:56Z" finished-at="2024-05-23T18:48:59Z">
          <reporter-output>
          </reporter-output>
        </test-method> <!-- Tc2 -->
        <test-method status="PASS" signature="Tc3()[pri:0, instance:org.tcs.testing.siginup.MainClass@4bec1f0c]" name="Tc3" duration-ms="806" started-at="2024-05-23T18:48:59Z" finished-at="2024-05-23T18:49:00Z">
          <reporter-output>
          </reporter-output>
        </test-method> <!-- Tc3 -->
        <test-method status="PASS" signature="Tc4()[pri:0, instance:org.tcs.testing.siginup.MainClass@4bec1f0c]" name="Tc4" duration-ms="957" started-at="2024-05-23T18:49:00Z" finished-at="2024-05-23T18:49:01Z">
          <reporter-output>
          </reporter-output>
        </test-method> <!-- Tc4 -->
        <test-method status="PASS" signature="qiut()[pri:0, instance:org.tcs.testing.siginup.MainClass@4bec1f0c]" name="qiut" is-config="true" duration-ms="104" started-at="2024-05-23T18:49:01Z" finished-at="2024-05-23T18:49:01Z">
          <reporter-output>
          </reporter-output>
        </test-method> <!-- qiut -->
      </class> <!-- org.tcs.testing.siginup.MainClass -->
    </test> <!-- Test -->
  </suite> <!-- Suite -->
</testng-results>
