<?xml version="1.0" encoding="UTF-8"?>
<testng-results ignored="0" total="4" passed="4" failed="0" skipped="0">
  <reporter-output>
  </reporter-output>
  <suite started-at="2025-01-16T11:04:08 IST" name="Default suite" finished-at="2025-01-16T11:04:13 IST" duration-ms="5784">
    <groups>
    </groups>
    <test started-at="2025-01-16T11:04:08 IST" name="Default test" finished-at="2025-01-16T11:04:13 IST" duration-ms="5784">
      <class name="org.tcs.testing.siginup.MainClass">
        <test-method is-config="true" signature="Launch()[pri:0, instance:org.tcs.testing.siginup.MainClass@2e3967ea]" started-at="2025-01-16T11:04:08 IST" name="Launch" finished-at="2025-01-16T11:04:11 IST" duration-ms="3141" status="PASS">
          <reporter-output>
          </reporter-output>
        </test-method> <!-- Launch -->
        <test-method signature="Tc1(java.lang.String,java.lang.String)[pri:0, instance:org.tcs.testing.siginup.MainClass@2e3967ea]" started-at="2025-01-16T11:04:11 IST" name="Tc1" finished-at="2025-01-16T11:04:12 IST" duration-ms="738" status="PASS">
          <params>
            <param index="0">
              <value>
                <![CDATA[Arunkumar45]]>
              </value>
            </param>
            <param index="1">
              <value>
                <![CDATA[FI178Q]]>
              </value>
            </param>
          </params>
          <reporter-output>
          </reporter-output>
        </test-method> <!-- Tc1 -->
        <test-method signature="Tc2()[pri:0, instance:org.tcs.testing.siginup.MainClass@2e3967ea]" started-at="2025-01-16T11:04:12 IST" name="Tc2" finished-at="2025-01-16T11:04:12 IST" duration-ms="741" status="PASS">
          <reporter-output>
          </reporter-output>
        </test-method> <!-- Tc2 -->
        <test-method signature="Tc3()[pri:0, instance:org.tcs.testing.siginup.MainClass@2e3967ea]" started-at="2025-01-16T11:04:12 IST" name="Tc3" finished-at="2025-01-16T11:04:13 IST" duration-ms="407" status="PASS">
          <reporter-output>
          </reporter-output>
        </test-method> <!-- Tc3 -->
        <test-method signature="Tc4()[pri:0, instance:org.tcs.testing.siginup.MainClass@2e3967ea]" started-at="2025-01-16T11:04:13 IST" name="Tc4" finished-at="2025-01-16T11:04:13 IST" duration-ms="647" status="PASS">
          <reporter-output>
          </reporter-output>
        </test-method> <!-- Tc4 -->
        <test-method is-config="true" signature="qiut()[pri:0, instance:org.tcs.testing.siginup.MainClass@2e3967ea]" started-at="2025-01-16T11:04:13 IST" name="qiut" finished-at="2025-01-16T11:04:13 IST" duration-ms="82" status="PASS">
          <reporter-output>
          </reporter-output>
        </test-method> <!-- qiut -->
      </class> <!-- org.tcs.testing.siginup.MainClass -->
    </test> <!-- Default test -->
  </suite> <!-- Default suite -->
</testng-results>
