<?xml version="1.0" encoding="UTF-8"?>
<!-- Generated by org.testng.reporters.JUnitXMLReporter -->
<testsuite ignored="0" hostname="DESKTOP-UOA1P9F" failures="0" tests="7" name="Test" time="15.59" errors="0" timestamp="2025-01-17T16:37:02 IST">
  <testcase classname="org.tcs.testing.siginup.MainClass" name="Tc1" time="0.616"/>
  <testcase classname="org.tcs.testing.siginup.MainClass" name="Tc2" time="0.714"/>
  <testcase classname="org.tcs.testing.siginup.MainClass" name="Tc3" time="0.549"/>
  <testcase classname="org.tcs.testing.siginup.MainClass" name="Tc4" time="0.453"/>
  <testcase classname="org.tce.login.test.TestLogin" name="Tc1" time="0.324"/>
  <testcase classname="org.tce.login.test.TestLogin" name="Tc2" time="0.618"/>
  <testcase classname="org.tce.login.test.TestLogin" name="Tc3" time="0.07"/>
</testsuite> <!-- Test -->
